1732671932.676252 client started (2051): version 3.5a, socket /private/tmp/tmux-501/default, protocol 8
1732671932.676344 on Darwin 24.1.0 Darwin Kernel Version 24.1.0: Thu Oct 10 21:03:11 PDT 2024; root:xnu-11215.41.3~2/RELEASE_ARM64_T6020
1732671932.676354 using libevent 2.1.12-stable select
1732671932.676539 using utf8proc 2.9.0
1732671932.676546 using ncurses 6.5 20240427
1732671932.676560 flags are 0x18010000
1732671932.676565 socket is /private/tmp/tmux-501/default
1732671932.676578 trying connect
1732671932.676594 connect failed: No such file or directory
1732671932.676612 lock file is /private/tmp/tmux-501/default.lock
1732671932.676707 flock succeeded
1732671932.676713 got lock (6)
1732671932.676719 trying connect
1732671932.676727 connect failed: No such file or directory
1732671932.677227 add peer 0x158048000: 7 (0x0)
1732671932.680408 sending message 111 to peer 0x158048000 (8 bytes)
1732671932.680418 sending message 111 to peer 0x158048000 (8 bytes)
1732671932.680424 sending message 101 to peer 0x158048000 (15 bytes)
1732671932.680429 sending message 109 to peer 0x158048000 (4 bytes)
1732671932.680434 sending message 102 to peer 0x158048000 (13 bytes)
1732671932.680440 sending message 108 to peer 0x158048000 (27 bytes)
1732671932.680447 sending message 112 to peer 0x158048000 (58 bytes)
1732671932.680452 sending message 112 to peer 0x158048000 (5 bytes)
1732671932.680457 sending message 112 to peer 0x158048000 (5 bytes)
1732671932.680462 sending message 112 to peer 0x158048000 (6 bytes)
1732671932.680467 sending message 112 to peer 0x158048000 (6 bytes)
1732671932.680472 sending message 112 to peer 0x158048000 (11 bytes)
1732671932.680477 sending message 112 to peer 0x158048000 (10 bytes)
1732671932.680482 sending message 112 to peer 0x158048000 (13 bytes)
1732671932.680488 sending message 112 to peer 0x158048000 (14 bytes)
1732671932.680493 sending message 112 to peer 0x158048000 (19 bytes)
1732671932.680498 sending message 112 to peer 0x158048000 (11 bytes)
1732671932.680503 sending message 112 to peer 0x158048000 (10 bytes)
1732671932.680508 sending message 112 to peer 0x158048000 (15 bytes)
1732671932.680513 sending message 112 to peer 0x158048000 (21 bytes)
1732671932.680518 sending message 112 to peer 0x158048000 (13 bytes)
1732671932.680523 sending message 112 to peer 0x158048000 (7 bytes)
1732671932.680528 sending message 112 to peer 0x158048000 (13 bytes)
1732671932.680533 sending message 112 to peer 0x158048000 (7 bytes)
1732671932.680537 sending message 112 to peer 0x158048000 (13 bytes)
1732671932.680543 sending message 112 to peer 0x158048000 (9 bytes)
1732671932.680548 sending message 112 to peer 0x158048000 (21 bytes)
1732671932.680553 sending message 112 to peer 0x158048000 (13 bytes)
1732671932.680558 sending message 112 to peer 0x158048000 (9 bytes)
1732671932.680563 sending message 112 to peer 0x158048000 (16 bytes)
1732671932.680567 sending message 112 to peer 0x158048000 (13 bytes)
1732671932.680572 sending message 112 to peer 0x158048000 (9 bytes)
1732671932.680577 sending message 112 to peer 0x158048000 (9 bytes)
1732671932.680582 sending message 112 to peer 0x158048000 (12 bytes)
1732671932.680587 sending message 112 to peer 0x158048000 (8 bytes)
1732671932.680592 sending message 112 to peer 0x158048000 (8 bytes)
1732671932.680598 sending message 112 to peer 0x158048000 (13 bytes)
1732671932.680603 sending message 112 to peer 0x158048000 (7 bytes)
1732671932.680607 sending message 112 to peer 0x158048000 (7 bytes)
1732671932.680613 sending message 112 to peer 0x158048000 (9 bytes)
1732671932.680618 sending message 112 to peer 0x158048000 (9 bytes)
1732671932.680622 sending message 112 to peer 0x158048000 (15 bytes)
1732671932.680627 sending message 112 to peer 0x158048000 (13 bytes)
1732671932.680633 sending message 112 to peer 0x158048000 (12 bytes)
1732671932.680638 sending message 112 to peer 0x158048000 (8 bytes)
1732671932.680643 sending message 112 to peer 0x158048000 (14 bytes)
1732671932.680648 sending message 112 to peer 0x158048000 (11 bytes)
1732671932.680653 sending message 112 to peer 0x158048000 (9 bytes)
1732671932.680674 sending message 112 to peer 0x158048000 (10 bytes)
1732671932.680678 sending message 112 to peer 0x158048000 (10 bytes)
1732671932.680682 sending message 112 to peer 0x158048000 (10 bytes)
1732671932.680686 sending message 112 to peer 0x158048000 (10 bytes)
1732671932.680691 sending message 112 to peer 0x158048000 (11 bytes)
1732671932.680695 sending message 112 to peer 0x158048000 (12 bytes)
1732671932.680699 sending message 112 to peer 0x158048000 (12 bytes)
1732671932.680703 sending message 112 to peer 0x158048000 (12 bytes)
1732671932.680706 sending message 112 to peer 0x158048000 (12 bytes)
1732671932.680709 sending message 112 to peer 0x158048000 (12 bytes)
1732671932.680713 sending message 112 to peer 0x158048000 (11 bytes)
1732671932.680717 sending message 112 to peer 0x158048000 (11 bytes)
1732671932.680721 sending message 112 to peer 0x158048000 (12 bytes)
1732671932.680725 sending message 112 to peer 0x158048000 (12 bytes)
1732671932.680730 sending message 112 to peer 0x158048000 (12 bytes)
1732671932.680734 sending message 112 to peer 0x158048000 (12 bytes)
1732671932.680737 sending message 112 to peer 0x158048000 (12 bytes)
1732671932.680740 sending message 112 to peer 0x158048000 (9 bytes)
1732671932.680744 sending message 112 to peer 0x158048000 (12 bytes)
1732671932.680746 sending message 112 to peer 0x158048000 (13 bytes)
1732671932.680749 sending message 112 to peer 0x158048000 (13 bytes)
1732671932.680752 sending message 112 to peer 0x158048000 (13 bytes)
1732671932.680756 sending message 112 to peer 0x158048000 (13 bytes)
1732671932.680759 sending message 112 to peer 0x158048000 (13 bytes)
1732671932.680762 sending message 112 to peer 0x158048000 (8 bytes)
1732671932.680766 sending message 112 to peer 0x158048000 (11 bytes)
1732671932.680770 sending message 112 to peer 0x158048000 (11 bytes)
1732671932.680774 sending message 112 to peer 0x158048000 (11 bytes)
1732671932.680778 sending message 112 to peer 0x158048000 (12 bytes)
1732671932.680781 sending message 112 to peer 0x158048000 (12 bytes)
1732671932.680786 sending message 112 to peer 0x158048000 (12 bytes)
1732671932.680791 sending message 112 to peer 0x158048000 (12 bytes)
1732671932.680794 sending message 112 to peer 0x158048000 (13 bytes)
1732671932.680797 sending message 112 to peer 0x158048000 (13 bytes)
1732671932.680801 sending message 112 to peer 0x158048000 (13 bytes)
1732671932.680805 sending message 112 to peer 0x158048000 (8 bytes)
1732671932.680809 sending message 112 to peer 0x158048000 (13 bytes)
1732671932.680813 sending message 112 to peer 0x158048000 (13 bytes)
1732671932.680816 sending message 112 to peer 0x158048000 (13 bytes)
1732671932.680820 sending message 112 to peer 0x158048000 (13 bytes)
1732671932.680824 sending message 112 to peer 0x158048000 (13 bytes)
1732671932.680828 sending message 112 to peer 0x158048000 (12 bytes)
1732671932.680832 sending message 112 to peer 0x158048000 (12 bytes)
1732671932.680835 sending message 112 to peer 0x158048000 (12 bytes)
1732671932.680839 sending message 112 to peer 0x158048000 (12 bytes)
1732671932.680843 sending message 112 to peer 0x158048000 (13 bytes)
1732671932.680847 sending message 112 to peer 0x158048000 (8 bytes)
1732671932.680850 sending message 112 to peer 0x158048000 (13 bytes)
1732671932.680854 sending message 112 to peer 0x158048000 (13 bytes)
1732671932.680858 sending message 112 to peer 0x158048000 (13 bytes)
1732671932.680862 sending message 112 to peer 0x158048000 (13 bytes)
1732671932.680866 sending message 112 to peer 0x158048000 (13 bytes)
1732671932.680871 sending message 112 to peer 0x158048000 (13 bytes)
1732671932.680874 sending message 112 to peer 0x158048000 (13 bytes)
1732671932.680878 sending message 112 to peer 0x158048000 (12 bytes)
1732671932.680882 sending message 112 to peer 0x158048000 (12 bytes)
1732671932.680886 sending message 112 to peer 0x158048000 (12 bytes)
1732671932.680889 sending message 112 to peer 0x158048000 (8 bytes)
1732671932.680893 sending message 112 to peer 0x158048000 (12 bytes)
1732671932.680902 sending message 112 to peer 0x158048000 (13 bytes)
1732671932.680906 sending message 112 to peer 0x158048000 (13 bytes)
1732671932.680909 sending message 112 to peer 0x158048000 (13 bytes)
1732671932.680913 sending message 112 to peer 0x158048000 (13 bytes)
1732671932.680918 sending message 112 to peer 0x158048000 (13 bytes)
1732671932.680923 sending message 112 to peer 0x158048000 (13 bytes)
1732671932.680926 sending message 112 to peer 0x158048000 (13 bytes)
1732671932.680930 sending message 112 to peer 0x158048000 (13 bytes)
1732671932.680934 sending message 112 to peer 0x158048000 (12 bytes)
1732671932.680938 sending message 112 to peer 0x158048000 (10 bytes)
1732671932.680942 sending message 112 to peer 0x158048000 (12 bytes)
1732671932.680945 sending message 112 to peer 0x158048000 (12 bytes)
1732671932.680949 sending message 112 to peer 0x158048000 (12 bytes)
1732671932.680953 sending message 112 to peer 0x158048000 (13 bytes)
1732671932.680956 sending message 112 to peer 0x158048000 (13 bytes)
1732671932.680960 sending message 112 to peer 0x158048000 (13 bytes)
1732671932.680963 sending message 112 to peer 0x158048000 (13 bytes)
1732671932.680967 sending message 112 to peer 0x158048000 (13 bytes)
1732671932.680970 sending message 112 to peer 0x158048000 (13 bytes)
1732671932.680974 sending message 112 to peer 0x158048000 (13 bytes)
1732671932.680977 sending message 112 to peer 0x158048000 (10 bytes)
1732671932.680981 sending message 112 to peer 0x158048000 (13 bytes)
1732671932.680985 sending message 112 to peer 0x158048000 (12 bytes)
1732671932.680989 sending message 112 to peer 0x158048000 (12 bytes)
1732671932.680994 sending message 112 to peer 0x158048000 (12 bytes)
1732671932.680997 sending message 112 to peer 0x158048000 (10 bytes)
1732671932.681000 sending message 112 to peer 0x158048000 (10 bytes)
1732671932.681003 sending message 112 to peer 0x158048000 (10 bytes)
1732671932.681006 sending message 112 to peer 0x158048000 (12 bytes)
1732671932.681009 sending message 112 to peer 0x158048000 (13 bytes)
1732671932.681013 sending message 112 to peer 0x158048000 (13 bytes)
1732671932.681017 sending message 112 to peer 0x158048000 (13 bytes)
1732671932.681021 sending message 112 to peer 0x158048000 (13 bytes)
1732671932.681024 sending message 112 to peer 0x158048000 (13 bytes)
1732671932.681028 sending message 112 to peer 0x158048000 (10 bytes)
1732671932.681032 sending message 112 to peer 0x158048000 (11 bytes)
1732671932.681034 sending message 112 to peer 0x158048000 (12 bytes)
1732671932.681037 sending message 112 to peer 0x158048000 (12 bytes)
1732671932.681041 sending message 112 to peer 0x158048000 (12 bytes)
1732671932.681044 sending message 112 to peer 0x158048000 (12 bytes)
1732671932.681047 sending message 112 to peer 0x158048000 (12 bytes)
1732671932.681050 sending message 112 to peer 0x158048000 (11 bytes)
1732671932.681053 sending message 112 to peer 0x158048000 (12 bytes)
1732671932.681057 sending message 112 to peer 0x158048000 (12 bytes)
1732671932.681060 sending message 112 to peer 0x158048000 (13 bytes)
1732671932.681063 sending message 112 to peer 0x158048000 (13 bytes)
1732671932.681067 sending message 112 to peer 0x158048000 (13 bytes)
1732671932.681070 sending message 112 to peer 0x158048000 (13 bytes)
1732671932.681074 sending message 112 to peer 0x158048000 (13 bytes)
1732671932.681078 sending message 112 to peer 0x158048000 (10 bytes)
1732671932.681082 sending message 112 to peer 0x158048000 (9 bytes)
1732671932.681085 sending message 112 to peer 0x158048000 (12 bytes)
1732671932.681089 sending message 112 to peer 0x158048000 (13 bytes)
1732671932.681094 sending message 112 to peer 0x158048000 (13 bytes)
1732671932.681098 sending message 112 to peer 0x158048000 (13 bytes)
1732671932.681102 sending message 112 to peer 0x158048000 (13 bytes)
1732671932.681106 sending message 112 to peer 0x158048000 (13 bytes)
1732671932.681110 sending message 112 to peer 0x158048000 (9 bytes)
1732671932.681113 sending message 112 to peer 0x158048000 (12 bytes)
1732671932.681117 sending message 112 to peer 0x158048000 (13 bytes)
1732671932.681125 sending message 112 to peer 0x158048000 (13 bytes)
1732671932.681129 sending message 112 to peer 0x158048000 (13 bytes)
1732671932.681133 sending message 112 to peer 0x158048000 (13 bytes)
1732671932.681136 sending message 112 to peer 0x158048000 (13 bytes)
1732671932.681140 sending message 112 to peer 0x158048000 (11 bytes)
1732671932.681144 sending message 112 to peer 0x158048000 (12 bytes)
1732671932.681147 sending message 112 to peer 0x158048000 (13 bytes)
1732671932.681150 sending message 112 to peer 0x158048000 (13 bytes)
1732671932.681154 sending message 112 to peer 0x158048000 (13 bytes)
1732671932.681158 sending message 112 to peer 0x158048000 (13 bytes)
1732671932.681162 sending message 112 to peer 0x158048000 (13 bytes)
1732671932.681166 sending message 112 to peer 0x158048000 (11 bytes)
1732671932.681171 sending message 112 to peer 0x158048000 (12 bytes)
1732671932.681174 sending message 112 to peer 0x158048000 (12 bytes)
1732671932.681178 sending message 112 to peer 0x158048000 (12 bytes)
1732671932.681181 sending message 112 to peer 0x158048000 (12 bytes)
1732671932.681185 sending message 112 to peer 0x158048000 (12 bytes)
1732671932.681189 sending message 112 to peer 0x158048000 (21 bytes)
1732671932.681193 sending message 112 to peer 0x158048000 (12 bytes)
1732671932.681198 sending message 112 to peer 0x158048000 (9 bytes)
1732671932.681201 sending message 112 to peer 0x158048000 (6 bytes)
1732671932.681204 sending message 112 to peer 0x158048000 (13 bytes)
1732671932.681207 sending message 112 to peer 0x158048000 (10 bytes)
1732671932.681210 sending message 112 to peer 0x158048000 (15 bytes)
1732671932.681214 sending message 112 to peer 0x158048000 (13 bytes)
1732671932.681217 sending message 112 to peer 0x158048000 (9 bytes)
1732671932.681221 sending message 112 to peer 0x158048000 (70 bytes)
1732671932.681224 sending message 112 to peer 0x158048000 (69 bytes)
1732671932.681228 sending message 112 to peer 0x158048000 (73 bytes)
1732671932.681232 sending message 112 to peer 0x158048000 (12 bytes)
1732671932.681236 sending message 112 to peer 0x158048000 (10 bytes)
1732671932.681239 sending message 112 to peer 0x158048000 (10 bytes)
1732671932.681243 sending message 112 to peer 0x158048000 (15 bytes)
1732671932.681247 sending message 112 to peer 0x158048000 (13 bytes)
1732671932.681251 sending message 112 to peer 0x158048000 (10 bytes)
1732671932.681254 sending message 112 to peer 0x158048000 (10 bytes)
1732671932.681258 sending message 112 to peer 0x158048000 (17 bytes)
1732671932.681262 sending message 112 to peer 0x158048000 (13 bytes)
1732671932.681266 sending message 112 to peer 0x158048000 (15 bytes)
1732671932.681269 sending message 112 to peer 0x158048000 (5 bytes)
1732671932.681274 sending message 104 to peer 0x158048000 (0 bytes)
1732671932.681279 sending message 110 to peer 0x158048000 (0 bytes)
1732671932.681282 sending message 107 to peer 0x158048000 (4 bytes)
1732671932.681286 sending message 105 to peer 0x158048000 (60 bytes)
1732671932.681290 sending message 105 to peer 0x158048000 (66 bytes)
1732671932.681294 sending message 105 to peer 0x158048000 (27 bytes)
1732671932.681298 sending message 105 to peer 0x158048000 (15 bytes)
1732671932.681302 sending message 105 to peer 0x158048000 (22 bytes)
1732671932.681305 sending message 105 to peer 0x158048000 (14 bytes)
1732671932.681309 sending message 105 to peer 0x158048000 (17 bytes)
1732671932.681313 sending message 105 to peer 0x158048000 (31 bytes)
1732671932.681316 sending message 105 to peer 0x158048000 (15 bytes)
1732671932.681319 sending message 105 to peer 0x158048000 (43 bytes)
1732671932.681323 sending message 105 to peer 0x158048000 (24 bytes)
1732671932.681327 sending message 105 to peer 0x158048000 (42 bytes)
1732671932.681331 sending message 105 to peer 0x158048000 (28 bytes)
1732671932.681334 sending message 105 to peer 0x158048000 (23 bytes)
1732671932.681338 sending message 105 to peer 0x158048000 (517 bytes)
1732671932.681342 sending message 105 to peer 0x158048000 (19 bytes)
1732671932.681355 sending message 105 to peer 0x158048000 (20 bytes)
1732671932.681358 sending message 105 to peer 0x158048000 (22 bytes)
1732671932.681362 sending message 105 to peer 0x158048000 (20 bytes)
1732671932.681366 sending message 105 to peer 0x158048000 (86 bytes)
1732671932.681370 sending message 105 to peer 0x158048000 (19 bytes)
1732671932.681373 sending message 105 to peer 0x158048000 (57 bytes)
1732671932.681377 sending message 105 to peer 0x158048000 (12 bytes)
1732671932.681381 sending message 105 to peer 0x158048000 (19 bytes)
1732671932.681385 sending message 105 to peer 0x158048000 (15 bytes)
1732671932.681389 sending message 105 to peer 0x158048000 (54 bytes)
1732671932.681392 sending message 105 to peer 0x158048000 (32 bytes)
1732671932.681396 sending message 105 to peer 0x158048000 (61 bytes)
1732671932.681400 sending message 105 to peer 0x158048000 (8 bytes)
1732671932.681405 sending message 105 to peer 0x158048000 (21 bytes)
1732671932.681409 sending message 105 to peer 0x158048000 (30 bytes)
1732671932.681413 sending message 105 to peer 0x158048000 (37 bytes)
1732671932.681417 sending message 105 to peer 0x158048000 (34 bytes)
1732671932.681421 sending message 105 to peer 0x158048000 (35 bytes)
1732671932.681432 sending message 105 to peer 0x158048000 (29 bytes)
1732671932.681436 sending message 105 to peer 0x158048000 (11 bytes)
1732671932.681440 sending message 105 to peer 0x158048000 (8 bytes)
1732671932.681444 sending message 105 to peer 0x158048000 (32 bytes)
1732671932.681447 sending message 105 to peer 0x158048000 (96 bytes)
1732671932.681451 sending message 105 to peer 0x158048000 (32 bytes)
1732671932.681455 sending message 105 to peer 0x158048000 (16 bytes)
1732671932.681459 sending message 105 to peer 0x158048000 (25 bytes)
1732671932.681463 sending message 106 to peer 0x158048000 (0 bytes)
1732671932.681519 sending message 200 to peer 0x158048000 (4 bytes)
1732671932.681524 client loop enter
1732671932.681540 client_signal: Child exited: 20
1732671932.732395 peer 0x158048000 message 207
1732671932.732431 sending message 208 to peer 0x158048000 (0 bytes)
1732671943.397629 peer 0x158048000 message 203
1732671943.397643 sending message 205 to peer 0x158048000 (0 bytes)
1732671943.397990 peer 0x158048000 message 204
1732671943.398004 client loop exit
