1732671937.221911 client started (2224): version 3.5a, socket /private/tmp/tmux-501/default, protocol 8
1732671937.221944 on Darwin 24.1.0 Darwin Kernel Version 24.1.0: Thu Oct 10 21:03:11 PDT 2024; root:xnu-11215.41.3~2/RELEASE_ARM64_T6020
1732671937.221957 using libevent 2.1.12-stable select
1732671937.221971 using utf8proc 2.9.0
1732671937.221979 using ncurses 6.5 20240427
1732671937.221999 flags are 0x10010000
1732671937.222007 socket is /private/tmp/tmux-501/default
1732671937.222023 trying connect
1732671937.222066 add peer 0x118008000: 6 (0x0)
1732671937.223773 sending message 111 to peer 0x118008000 (8 bytes)
1732671937.223784 sending message 111 to peer 0x118008000 (8 bytes)
1732671937.223792 sending message 101 to peer 0x118008000 (14 bytes)
1732671937.223800 sending message 109 to peer 0x118008000 (4 bytes)
1732671937.223807 sending message 102 to peer 0x118008000 (13 bytes)
1732671937.223812 sending message 108 to peer 0x118008000 (27 bytes)
1732671937.223818 sending message 112 to peer 0x118008000 (70 bytes)
1732671937.223823 sending message 112 to peer 0x118008000 (5 bytes)
1732671937.223828 sending message 112 to peer 0x118008000 (5 bytes)
1732671937.223834 sending message 112 to peer 0x118008000 (6 bytes)
1732671937.223839 sending message 112 to peer 0x118008000 (6 bytes)
1732671937.223844 sending message 112 to peer 0x118008000 (11 bytes)
1732671937.223849 sending message 112 to peer 0x118008000 (10 bytes)
1732671937.223854 sending message 112 to peer 0x118008000 (13 bytes)
1732671937.223859 sending message 112 to peer 0x118008000 (13 bytes)
1732671937.223864 sending message 112 to peer 0x118008000 (18 bytes)
1732671937.223870 sending message 112 to peer 0x118008000 (11 bytes)
1732671937.223875 sending message 112 to peer 0x118008000 (10 bytes)
1732671937.223881 sending message 112 to peer 0x118008000 (15 bytes)
1732671937.223888 sending message 112 to peer 0x118008000 (21 bytes)
1732671937.223895 sending message 112 to peer 0x118008000 (13 bytes)
1732671937.223900 sending message 112 to peer 0x118008000 (7 bytes)
1732671937.223906 sending message 112 to peer 0x118008000 (13 bytes)
1732671937.223911 sending message 112 to peer 0x118008000 (7 bytes)
1732671937.223916 sending message 112 to peer 0x118008000 (13 bytes)
1732671937.223921 sending message 112 to peer 0x118008000 (9 bytes)
1732671937.223926 sending message 112 to peer 0x118008000 (21 bytes)
1732671937.223931 sending message 112 to peer 0x118008000 (13 bytes)
1732671937.223936 sending message 112 to peer 0x118008000 (8 bytes)
1732671937.223941 sending message 112 to peer 0x118008000 (12 bytes)
1732671937.223946 sending message 112 to peer 0x118008000 (13 bytes)
1732671937.223951 sending message 112 to peer 0x118008000 (9 bytes)
1732671937.223956 sending message 112 to peer 0x118008000 (9 bytes)
1732671937.223961 sending message 112 to peer 0x118008000 (12 bytes)
1732671937.223966 sending message 112 to peer 0x118008000 (8 bytes)
1732671937.223971 sending message 112 to peer 0x118008000 (7 bytes)
1732671937.223977 sending message 112 to peer 0x118008000 (7 bytes)
1732671937.223983 sending message 112 to peer 0x118008000 (9 bytes)
1732671937.223988 sending message 112 to peer 0x118008000 (13 bytes)
1732671937.223994 sending message 112 to peer 0x118008000 (6 bytes)
1732671937.223999 sending message 112 to peer 0x118008000 (9 bytes)
1732671937.224004 sending message 112 to peer 0x118008000 (13 bytes)
1732671937.224009 sending message 112 to peer 0x118008000 (12 bytes)
1732671937.224014 sending message 112 to peer 0x118008000 (8 bytes)
1732671937.224019 sending message 112 to peer 0x118008000 (9 bytes)
1732671937.224024 sending message 112 to peer 0x118008000 (10 bytes)
1732671937.224030 sending message 112 to peer 0x118008000 (10 bytes)
1732671937.224036 sending message 112 to peer 0x118008000 (10 bytes)
1732671937.224041 sending message 112 to peer 0x118008000 (10 bytes)
1732671937.224046 sending message 112 to peer 0x118008000 (11 bytes)
1732671937.224051 sending message 112 to peer 0x118008000 (10 bytes)
1732671937.224057 sending message 112 to peer 0x118008000 (8 bytes)
1732671937.224070 sending message 112 to peer 0x118008000 (11 bytes)
1732671937.224074 sending message 112 to peer 0x118008000 (11 bytes)
1732671937.224077 sending message 112 to peer 0x118008000 (11 bytes)
1732671937.224081 sending message 112 to peer 0x118008000 (8 bytes)
1732671937.224086 sending message 112 to peer 0x118008000 (8 bytes)
1732671937.224090 sending message 112 to peer 0x118008000 (8 bytes)
1732671937.224094 sending message 112 to peer 0x118008000 (10 bytes)
1732671937.224098 sending message 112 to peer 0x118008000 (10 bytes)
1732671937.224101 sending message 112 to peer 0x118008000 (10 bytes)
1732671937.224105 sending message 112 to peer 0x118008000 (10 bytes)
1732671937.224109 sending message 112 to peer 0x118008000 (10 bytes)
1732671937.224113 sending message 112 to peer 0x118008000 (11 bytes)
1732671937.224116 sending message 112 to peer 0x118008000 (11 bytes)
1732671937.224120 sending message 112 to peer 0x118008000 (10 bytes)
1732671937.224123 sending message 112 to peer 0x118008000 (9 bytes)
1732671937.224127 sending message 112 to peer 0x118008000 (9 bytes)
1732671937.224131 sending message 112 to peer 0x118008000 (12 bytes)
1732671937.224134 sending message 112 to peer 0x118008000 (9 bytes)
1732671937.224138 sending message 112 to peer 0x118008000 (6 bytes)
1732671937.224143 sending message 112 to peer 0x118008000 (8 bytes)
1732671937.224147 sending message 112 to peer 0x118008000 (15 bytes)
1732671937.224151 sending message 112 to peer 0x118008000 (13 bytes)
1732671937.224154 sending message 112 to peer 0x118008000 (9 bytes)
1732671937.224158 sending message 112 to peer 0x118008000 (70 bytes)
1732671937.224162 sending message 112 to peer 0x118008000 (69 bytes)
1732671937.224166 sending message 112 to peer 0x118008000 (10 bytes)
1732671937.224169 sending message 112 to peer 0x118008000 (10 bytes)
1732671937.224173 sending message 112 to peer 0x118008000 (8 bytes)
1732671937.224177 sending message 112 to peer 0x118008000 (15 bytes)
1732671937.224180 sending message 112 to peer 0x118008000 (13 bytes)
1732671937.224184 sending message 112 to peer 0x118008000 (10 bytes)
1732671937.224188 sending message 112 to peer 0x118008000 (10 bytes)
1732671937.224191 sending message 112 to peer 0x118008000 (13 bytes)
1732671937.224195 sending message 112 to peer 0x118008000 (9 bytes)
1732671937.224199 sending message 112 to peer 0x118008000 (5 bytes)
1732671937.224202 sending message 112 to peer 0x118008000 (5 bytes)
1732671937.224207 sending message 104 to peer 0x118008000 (0 bytes)
1732671937.224212 sending message 110 to peer 0x118008000 (0 bytes)
1732671937.224215 sending message 107 to peer 0x118008000 (4 bytes)
1732671937.224219 sending message 105 to peer 0x118008000 (15 bytes)
1732671937.224223 sending message 105 to peer 0x118008000 (20 bytes)
1732671937.224228 sending message 105 to peer 0x118008000 (22 bytes)
1732671937.224231 sending message 105 to peer 0x118008000 (19 bytes)
1732671937.224235 sending message 105 to peer 0x118008000 (37 bytes)
1732671937.224239 sending message 105 to peer 0x118008000 (30 bytes)
1732671937.224243 sending message 105 to peer 0x118008000 (34 bytes)
1732671937.224246 sending message 105 to peer 0x118008000 (60 bytes)
1732671937.224250 sending message 105 to peer 0x118008000 (22 bytes)
1732671937.224254 sending message 105 to peer 0x118008000 (61 bytes)
1732671937.224257 sending message 105 to peer 0x118008000 (17 bytes)
1732671937.224261 sending message 105 to peer 0x118008000 (19 bytes)
1732671937.224265 sending message 105 to peer 0x118008000 (27 bytes)
1732671937.224268 sending message 105 to peer 0x118008000 (8 bytes)
1732671937.224272 sending message 105 to peer 0x118008000 (15 bytes)
1732671937.224276 sending message 105 to peer 0x118008000 (32 bytes)
1732671937.224281 sending message 105 to peer 0x118008000 (96 bytes)
1732671937.224285 sending message 105 to peer 0x118008000 (54 bytes)
1732671937.224289 sending message 105 to peer 0x118008000 (34 bytes)
1732671937.224292 sending message 105 to peer 0x118008000 (11 bytes)
1732671937.224296 sending message 105 to peer 0x118008000 (542 bytes)
1732671937.224307 sending message 105 to peer 0x118008000 (31 bytes)
1732671937.224310 sending message 105 to peer 0x118008000 (32 bytes)
1732671937.224314 sending message 105 to peer 0x118008000 (16 bytes)
1732671937.224318 sending message 105 to peer 0x118008000 (24 bytes)
1732671937.224322 sending message 105 to peer 0x118008000 (15 bytes)
1732671937.224326 sending message 105 to peer 0x118008000 (8 bytes)
1732671937.224330 sending message 105 to peer 0x118008000 (66 bytes)
1732671937.224334 sending message 105 to peer 0x118008000 (19 bytes)
1732671937.224338 sending message 105 to peer 0x118008000 (86 bytes)
1732671937.224341 sending message 105 to peer 0x118008000 (42 bytes)
1732671937.224345 sending message 105 to peer 0x118008000 (18 bytes)
1732671937.224349 sending message 105 to peer 0x118008000 (26 bytes)
1732671937.224352 sending message 105 to peer 0x118008000 (60 bytes)
1732671937.224356 sending message 105 to peer 0x118008000 (57 bytes)
1732671937.224360 sending message 105 to peer 0x118008000 (42 bytes)
1732671937.224363 sending message 105 to peer 0x118008000 (13 bytes)
1732671937.224367 sending message 105 to peer 0x118008000 (12 bytes)
1732671937.224371 sending message 105 to peer 0x118008000 (14 bytes)
1732671937.224376 sending message 105 to peer 0x118008000 (19 bytes)
1732671937.224379 sending message 105 to peer 0x118008000 (29 bytes)
1732671937.224383 sending message 105 to peer 0x118008000 (43 bytes)
1732671937.224387 sending message 105 to peer 0x118008000 (32 bytes)
1732671937.224391 sending message 105 to peer 0x118008000 (25 bytes)
1732671937.224394 sending message 106 to peer 0x118008000 (0 bytes)
1732671937.224436 sending message 200 to peer 0x118008000 (4 bytes)
1732671937.224447 client loop enter
1732671937.225300 peer 0x118008000 message 303
1732671937.225311 open write file 2 -
1732671937.225330 sending message 305 to peer 0x118008000 (8 bytes)
1732671937.225339 write check file 2
1732671937.225391 peer 0x118008000 message 304
1732671937.225396 write 58 to file 2
1732671937.225412 peer 0x118008000 message 203
1732671937.225416 file 2 58 bytes left
1732671937.225428 write check file 2
1732671937.225430 client loop exit
